<?xml version="1.0" encoding="UTF-8"?>
<testsuite name="au.edu.sydney.brawndo.erp.spfea.AllowedScopeTest" tests="22" skipped="0" failures="0" errors="0" timestamp="2019-04-29T03:18:20" hostname="DESKTOP-2GBR9MJ" time="63.019">
  <properties/>
  <testcase name="getOrderTotalCost" classname="au.edu.sydney.brawndo.erp.spfea.AllowedScopeTest" time="1.156"/>
  <testcase name="testOrderBusinessFlatSub" classname="au.edu.sydney.brawndo.erp.spfea.AllowedScopeTest" time="0.071"/>
  <testcase name="testOrderBusinessBulk" classname="au.edu.sydney.brawndo.erp.spfea.AllowedScopeTest" time="0.005"/>
  <testcase name="testOrderBusinessBulkSub" classname="au.edu.sydney.brawndo.erp.spfea.AllowedScopeTest" time="0.006"/>
  <testcase name="testOrderPersonalFlatSub" classname="au.edu.sydney.brawndo.erp.spfea.AllowedScopeTest" time="0.007"/>
  <testcase name="testOrderPersonalBulk" classname="au.edu.sydney.brawndo.erp.spfea.AllowedScopeTest" time="0.005"/>
  <testcase name="getAllCustomerIDs" classname="au.edu.sydney.brawndo.erp.spfea.AllowedScopeTest" time="0.002"/>
  <testcase name="testOrderBusinessFlat" classname="au.edu.sydney.brawndo.erp.spfea.AllowedScopeTest" time="0.005"/>
  <testcase name="testOrderPersonalFlat" classname="au.edu.sydney.brawndo.erp.spfea.AllowedScopeTest" time="0.006"/>
  <testcase name="testOrderPersonalBulkSub" classname="au.edu.sydney.brawndo.erp.spfea.AllowedScopeTest" time="0.008"/>
  <testcase name="createOrder" classname="au.edu.sydney.brawndo.erp.spfea.AllowedScopeTest" time="0.002"/>
  <testcase name="getAllOrders" classname="au.edu.sydney.brawndo.erp.spfea.AllowedScopeTest" time="0.003"/>
  <testcase name="removeOrder" classname="au.edu.sydney.brawndo.erp.spfea.AllowedScopeTest" time="0.003"/>
  <testcase name="login" classname="au.edu.sydney.brawndo.erp.spfea.AllowedScopeTest" time="0.002"/>
  <testcase name="finaliseOrder" classname="au.edu.sydney.brawndo.erp.spfea.AllowedScopeTest" time="0.049"/>
  <testcase name="logout" classname="au.edu.sydney.brawndo.erp.spfea.AllowedScopeTest" time="0.002"/>
  <testcase name="getAllProducts" classname="au.edu.sydney.brawndo.erp.spfea.AllowedScopeTest" time="61.673"/>
  <testcase name="getOrderLongDesc" classname="au.edu.sydney.brawndo.erp.spfea.AllowedScopeTest" time="0.001"/>
  <testcase name="getCustomer" classname="au.edu.sydney.brawndo.erp.spfea.AllowedScopeTest" time="0.004"/>
  <testcase name="orderLineSet" classname="au.edu.sydney.brawndo.erp.spfea.AllowedScopeTest" time="0.001"/>
  <testcase name="getKnownContactMethods" classname="au.edu.sydney.brawndo.erp.spfea.AllowedScopeTest" time="0.002"/>
  <testcase name="getOrderShortDesc" classname="au.edu.sydney.brawndo.erp.spfea.AllowedScopeTest" time="0.001"/>
  <system-out><![CDATA[]]></system-out>
  <system-err><![CDATA[]]></system-err>
</testsuite>
